1548958456055	mozrunner::runner	INFO	Running command: "/usr/bin/firefox" "-marionette" "-foreground" "-no-remote" "-profile" "/tmp/rust_mozprofile.zb3MiXFLqkHo"
1548958456953	addons.webextension.screenshots@mozilla.org	WARN	Loading extension 'screenshots@mozilla.org': Reading manifest: Invalid host permission: resource://pdf.js/
1548958456954	addons.webextension.screenshots@mozilla.org	WARN	Loading extension 'screenshots@mozilla.org': Reading manifest: Invalid host permission: about:reader*

(firefox:16269): Gtk-WARNING **: Theme parsing error: <data>:1:34: Expected ')' in color definition

(firefox:16269): Gtk-WARNING **: Theme parsing error: <data>:1:77: Expected ')' in color definition
1548958460720	Marionette	INFO	Listening on port 36173
1548958460774	Marionette	WARN	TLS certificate errors will be ignored for this session
1548958475437	mozrunner::runner	INFO	Running command: "/usr/bin/firefox" "-marionette" "-foreground" "-no-remote" "-profile" "/tmp/rust_mozprofile.ssMCZ4cZxKlm"
1548958475783	addons.webextension.screenshots@mozilla.org	WARN	Loading extension 'screenshots@mozilla.org': Reading manifest: Invalid host permission: resource://pdf.js/
1548958475783	addons.webextension.screenshots@mozilla.org	WARN	Loading extension 'screenshots@mozilla.org': Reading manifest: Invalid host permission: about:reader*

(firefox:16528): Gtk-WARNING **: Theme parsing error: <data>:1:34: Expected ')' in color definition

(firefox:16528): Gtk-WARNING **: Theme parsing error: <data>:1:77: Expected ')' in color definition
1548958478686	Marionette	INFO	Listening on port 39389
1548958478750	Marionette	WARN	TLS certificate errors will be ignored for this session
[Parent 16528, Gecko_IOThread] WARNING: pipe error (87): Connection reset by peer: file /build/firefox-h0evE3/firefox-64.0+build3/ipc/chromium/src/chrome/common/ipc_channel_posix.cc, line 363
[Parent 16528, Gecko_IOThread] WARNING: pipe error (79): Connection reset by peer: file /build/firefox-h0evE3/firefox-64.0+build3/ipc/chromium/src/chrome/common/ipc_channel_posix.cc, line 363
1548958485195	Marionette	INFO	Stopped listening on port 39389
[Parent 16269, Gecko_IOThread] WARNING: pipe error (79): Connection reset by peer: file /build/firefox-h0evE3/firefox-64.0+build3/ipc/chromium/src/chrome/common/ipc_channel_posix.cc, line 363
[Parent 16269, Gecko_IOThread] WARNING: pipe error (87): Connection reset by peer: file /build/firefox-h0evE3/firefox-64.0+build3/ipc/chromium/src/chrome/common/ipc_channel_posix.cc, line 363
1548958487718	Marionette	INFO	Stopped listening on port 36173
1548958649496	mozrunner::runner	INFO	Running command: "/usr/bin/firefox" "-marionette" "-foreground" "-no-remote" "-profile" "/tmp/rust_mozprofile.VLbvTRogFTrP"
1548958649827	addons.webextension.screenshots@mozilla.org	WARN	Loading extension 'screenshots@mozilla.org': Reading manifest: Invalid host permission: resource://pdf.js/
1548958649827	addons.webextension.screenshots@mozilla.org	WARN	Loading extension 'screenshots@mozilla.org': Reading manifest: Invalid host permission: about:reader*

(firefox:16865): Gtk-WARNING **: Theme parsing error: <data>:1:34: Expected ')' in color definition

(firefox:16865): Gtk-WARNING **: Theme parsing error: <data>:1:77: Expected ')' in color definition
1548958653144	Marionette	INFO	Listening on port 33635
1548958653213	Marionette	WARN	TLS certificate errors will be ignored for this session
1548958668928	mozrunner::runner	INFO	Running command: "/usr/bin/firefox" "-marionette" "-foreground" "-no-remote" "-profile" "/tmp/rust_mozprofile.cdas8dYyudW8"
1548958669266	addons.webextension.screenshots@mozilla.org	WARN	Loading extension 'screenshots@mozilla.org': Reading manifest: Invalid host permission: resource://pdf.js/
1548958669266	addons.webextension.screenshots@mozilla.org	WARN	Loading extension 'screenshots@mozilla.org': Reading manifest: Invalid host permission: about:reader*

(firefox:17123): Gtk-WARNING **: Theme parsing error: <data>:1:34: Expected ')' in color definition

(firefox:17123): Gtk-WARNING **: Theme parsing error: <data>:1:77: Expected ')' in color definition
[Parent 16865, Gecko_IOThread] WARNING: pipe error (82): Connection reset by peer: file /build/firefox-h0evE3/firefox-64.0+build3/ipc/chromium/src/chrome/common/ipc_channel_posix.cc, line 363
[Parent 16865, Gecko_IOThread] WARNING: pipe error (79): Connection reset by peer: file /build/firefox-h0evE3/firefox-64.0+build3/ipc/chromium/src/chrome/common/ipc_channel_posix.cc, line 363
1548958671297	Marionette	INFO	Stopped listening on port 33635
1548958673077	Marionette	INFO	Listening on port 36077
1548958673146	Marionette	WARN	TLS certificate errors will be ignored for this session
1548958731502	Marionette	INFO	Stopped listening on port 36077
[Parent 17123, Gecko_IOThread] WARNING: pipe error (79): Connection reset by peer: file /build/firefox-h0evE3/firefox-64.0+build3/ipc/chromium/src/chrome/common/ipc_channel_posix.cc, line 363
[Parent 17123, Gecko_IOThread] WARNING: pipe error (82): Connection reset by peer: file /build/firefox-h0evE3/firefox-64.0+build3/ipc/chromium/src/chrome/common/ipc_channel_posix.cc, line 363
1548960067940	mozrunner::runner	INFO	Running command: "/usr/bin/firefox" "-marionette" "-foreground" "-no-remote" "-profile" "/tmp/rust_mozprofile.rVsa40rc2ymb"
1548960068288	addons.webextension.screenshots@mozilla.org	WARN	Loading extension 'screenshots@mozilla.org': Reading manifest: Invalid host permission: resource://pdf.js/
1548960068288	addons.webextension.screenshots@mozilla.org	WARN	Loading extension 'screenshots@mozilla.org': Reading manifest: Invalid host permission: about:reader*

(firefox:18431): Gtk-WARNING **: Theme parsing error: <data>:1:34: Expected ')' in color definition

(firefox:18431): Gtk-WARNING **: Theme parsing error: <data>:1:77: Expected ')' in color definition
1548960071406	Marionette	INFO	Listening on port 36551
1548960071458	Marionette	WARN	TLS certificate errors will be ignored for this session
1548960079403	Marionette	INFO	Stopped listening on port 36551
[Parent 18431, Gecko_IOThread] WARNING: pipe error (79): Connection reset by peer: file /build/firefox-h0evE3/firefox-64.0+build3/ipc/chromium/src/chrome/common/ipc_channel_posix.cc, line 363
1548960428274	mozrunner::runner	INFO	Running command: "/usr/bin/firefox" "-marionette" "-foreground" "-no-remote" "-profile" "/tmp/rust_mozprofile.tLcxC8WtG1jI"
1548960428599	addons.webextension.screenshots@mozilla.org	WARN	Loading extension 'screenshots@mozilla.org': Reading manifest: Invalid host permission: resource://pdf.js/
1548960428599	addons.webextension.screenshots@mozilla.org	WARN	Loading extension 'screenshots@mozilla.org': Reading manifest: Invalid host permission: about:reader*

(firefox:19055): Gtk-WARNING **: Theme parsing error: <data>:1:34: Expected ')' in color definition

(firefox:19055): Gtk-WARNING **: Theme parsing error: <data>:1:77: Expected ')' in color definition
1548960431506	Marionette	INFO	Listening on port 35101
1548960431588	Marionette	WARN	TLS certificate errors will be ignored for this session
JavaScript warning: https://www.lexml.gov.br/busca/js/jquery-1.3.2.min.js, line 19: unreachable code after return statement
JavaScript error: https://www.lexml.gov.br/busca/search?keyword=evasao%20fiscal;f1-tipoDocumento=Jurisprud%C3%AAnci, line 41: ReferenceError: urchinTracker is not defined
JavaScript error: https://www.lexml.gov.br/busca/js/lexml-portal.js, line 117: TypeError: form is undefined
JavaScript error: https://www.lexml.gov.br/busca/search?keyword=evasao%20fiscal;f1-tipoDocumento=Jurisprud%C3%AAnci, line 1: ReferenceError: stringReplace is not defined
JavaScript error: https://www.lexml.gov.br/busca/js/lexml-portal.js, line 95: TypeError: form is undefined
JavaScript warning: https://www.lexml.gov.br/busca/js/jquery-1.3.2.min.js, line 19: unreachable code after return statement
JavaScript error: https://www.lexml.gov.br/busca/search?keyword=evasao+fiscal, line 567: ReferenceError: urchinTracker is not defined
1548960511181	mozrunner::runner	INFO	Running command: "/usr/bin/firefox" "-marionette" "-foreground" "-no-remote" "-profile" "/tmp/rust_mozprofile.vsWGAesy4ZfU"
1548960511577	addons.webextension.screenshots@mozilla.org	WARN	Loading extension 'screenshots@mozilla.org': Reading manifest: Invalid host permission: resource://pdf.js/
1548960511577	addons.webextension.screenshots@mozilla.org	WARN	Loading extension 'screenshots@mozilla.org': Reading manifest: Invalid host permission: about:reader*

(firefox:19369): Gtk-WARNING **: Theme parsing error: <data>:1:34: Expected ')' in color definition

(firefox:19369): Gtk-WARNING **: Theme parsing error: <data>:1:77: Expected ')' in color definition
1548960514610	Marionette	INFO	Listening on port 40907
1548960514712	Marionette	WARN	TLS certificate errors will be ignored for this session
JavaScript warning: https://www.lexml.gov.br/busca/js/jquery-1.3.2.min.js, line 19: unreachable code after return statement
JavaScript error: https://www.lexml.gov.br/busca/search?keyword=evasao%20fiscal;f1-tipoDocumento=Jurisprud%C3%AAncia, line 584: ReferenceError: urchinTracker is not defined
[Parent 19055, Gecko_IOThread] WARNING: pipe error (82): Connection reset by peer: file /build/firefox-h0evE3/firefox-64.0+build3/ipc/chromium/src/chrome/common/ipc_channel_posix.cc, line 363
[Parent 19055, Gecko_IOThread] WARNING: pipe error (79): Connection reset by peer: file /build/firefox-h0evE3/firefox-64.0+build3/ipc/chromium/src/chrome/common/ipc_channel_posix.cc, line 363
1548960518261	Marionette	INFO	Stopped listening on port 35101
1548960562668	mozrunner::runner	INFO	Running command: "/usr/bin/firefox" "-marionette" "-foreground" "-no-remote" "-profile" "/tmp/rust_mozprofile.IHEH1M5leMqh"
1548960563002	addons.webextension.screenshots@mozilla.org	WARN	Loading extension 'screenshots@mozilla.org': Reading manifest: Invalid host permission: resource://pdf.js/
1548960563002	addons.webextension.screenshots@mozilla.org	WARN	Loading extension 'screenshots@mozilla.org': Reading manifest: Invalid host permission: about:reader*

(firefox:19704): Gtk-WARNING **: Theme parsing error: <data>:1:34: Expected ')' in color definition

(firefox:19704): Gtk-WARNING **: Theme parsing error: <data>:1:77: Expected ')' in color definition
1548960565667	Marionette	INFO	Listening on port 46831
1548960565682	Marionette	WARN	TLS certificate errors will be ignored for this session
JavaScript warning: https://www.lexml.gov.br/busca/js/jquery-1.3.2.min.js, line 19: unreachable code after return statement
JavaScript error: https://www.lexml.gov.br/busca/search?keyword=evasao%20fiscal;f1-tipoDocumento=Jurisprud%C3%AAncia, line 584: ReferenceError: urchinTracker is not defined
1548960595395	mozrunner::runner	INFO	Running command: "/usr/bin/firefox" "-marionette" "-foreground" "-no-remote" "-profile" "/tmp/rust_mozprofile.we8YBcSIsjbj"
1548960595731	addons.webextension.screenshots@mozilla.org	WARN	Loading extension 'screenshots@mozilla.org': Reading manifest: Invalid host permission: resource://pdf.js/
1548960595731	addons.webextension.screenshots@mozilla.org	WARN	Loading extension 'screenshots@mozilla.org': Reading manifest: Invalid host permission: about:reader*

(firefox:20001): Gtk-WARNING **: Theme parsing error: <data>:1:34: Expected ')' in color definition

(firefox:20001): Gtk-WARNING **: Theme parsing error: <data>:1:77: Expected ')' in color definition
1548960598478	Marionette	INFO	Listening on port 46049
1548960598512	Marionette	WARN	TLS certificate errors will be ignored for this session
JavaScript warning: https://www.lexml.gov.br/busca/js/jquery-1.3.2.min.js, line 19: unreachable code after return statement
JavaScript error: https://www.lexml.gov.br/busca/search?keyword=evasao%20fiscal;f1-tipoDocumento=Jurisprud%C3%AAncia, line 584: ReferenceError: urchinTracker is not defined
1548960601800	Marionette	INFO	Stopped listening on port 46049
JavaScript error: resource://activity-stream/lib/ActivityStreamPrefs.jsm, line 29: NS_ERROR_ILLEGAL_VALUE: Component returned failure code: 0x80070057 (NS_ERROR_ILLEGAL_VALUE) [nsIPrefBranch.removeObserver]
[Parent 20001, Gecko_IOThread] WARNING: pipe error (79): Connection reset by peer: file /build/firefox-h0evE3/firefox-64.0+build3/ipc/chromium/src/chrome/common/ipc_channel_posix.cc, line 363
JavaScript error: jar:file:///usr/lib/firefox/omni.ja!/components/nsUrlClassifierListManager.js, line 597: TypeError: this.tablesData[table] is undefined
JavaScript error: resource://gre/modules/ExtensionSettingsStore.jsm, line 103: Error: The ExtensionSettingsStore was accessed before the initialize promise resolved.
JavaScript error: resource://gre/modules/Sqlite.jsm, line 841: Error: Connection is not open.
console.error: 
  [Exception... "Component returned failure code: 0x80004005 (NS_ERROR_FAILURE) [nsIAppShellService.hiddenDOMWindow]"  nsresult: "0x80004005 (NS_ERROR_FAILURE)"  location: "JS frame :: resource://activity-stream/lib/DownloadsManager.jsm :: init :: line 44"  data: no]: init@resource://activity-stream/lib/DownloadsManager.jsm:44:5
postInit@resource://activity-stream/lib/HighlightsFeed.jsm:60:5
handler@resource://gre/modules/EventEmitter.jsm:94:11
emit@resource://gre/modules/EventEmitter.jsm:149:11
init@resource://activity-stream/lib/SectionsManager.jsm:119:5
observe@resource://gre/modules/AsyncShutdown.jsm:541:9

1548960641749	mozrunner::runner	INFO	Running command: "/usr/bin/firefox" "-marionette" "-foreground" "-no-remote" "-profile" "/tmp/rust_mozprofile.gxJ4jOA5WYkF"
1548960642071	addons.webextension.screenshots@mozilla.org	WARN	Loading extension 'screenshots@mozilla.org': Reading manifest: Invalid host permission: resource://pdf.js/
1548960642071	addons.webextension.screenshots@mozilla.org	WARN	Loading extension 'screenshots@mozilla.org': Reading manifest: Invalid host permission: about:reader*

(firefox:20298): Gtk-WARNING **: Theme parsing error: <data>:1:34: Expected ')' in color definition

(firefox:20298): Gtk-WARNING **: Theme parsing error: <data>:1:77: Expected ')' in color definition
1548960644807	Marionette	INFO	Listening on port 38855
1548960644923	Marionette	WARN	TLS certificate errors will be ignored for this session
JavaScript warning: https://www.lexml.gov.br/busca/js/jquery-1.3.2.min.js, line 19: unreachable code after return statement
JavaScript error: https://www.lexml.gov.br/busca/search?keyword=evasao%20fiscal;f1-tipoDocumento=Jurisprud%C3%AAncia, line 584: ReferenceError: urchinTracker is not defined
1548960649321	Marionette	INFO	Stopped listening on port 38855
[Parent 20298, Gecko_IOThread] WARNING: pipe error (79): Connection reset by peer: file /build/firefox-h0evE3/firefox-64.0+build3/ipc/chromium/src/chrome/common/ipc_channel_posix.cc, line 363
[Parent 19704, Gecko_IOThread] WARNING: pipe error (79): Connection reset by peer: file /build/firefox-h0evE3/firefox-64.0+build3/ipc/chromium/src/chrome/common/ipc_channel_posix.cc, line 363
[Parent 19704, Gecko_IOThread] WARNING: pipe error (87): Connection reset by peer: file /build/firefox-h0evE3/firefox-64.0+build3/ipc/chromium/src/chrome/common/ipc_channel_posix.cc, line 363
1548960706672	Marionette	INFO	Stopped listening on port 46831
[Parent 19369, Gecko_IOThread] WARNING: pipe error (79): Connection reset by peer: file /build/firefox-h0evE3/firefox-64.0+build3/ipc/chromium/src/chrome/common/ipc_channel_posix.cc, line 363
[Parent 19369, Gecko_IOThread] WARNING: pipe error (71): Connection reset by peer: file /build/firefox-h0evE3/firefox-64.0+build3/ipc/chromium/src/chrome/common/ipc_channel_posix.cc, line 363
1548960707776	Marionette	INFO	Stopped listening on port 40907
1548960787674	mozrunner::runner	INFO	Running command: "/usr/bin/firefox" "-marionette" "-foreground" "-no-remote" "-profile" "/tmp/rust_mozprofile.MhK0egnsdYC1"
1548960788019	addons.webextension.screenshots@mozilla.org	WARN	Loading extension 'screenshots@mozilla.org': Reading manifest: Invalid host permission: resource://pdf.js/
1548960788019	addons.webextension.screenshots@mozilla.org	WARN	Loading extension 'screenshots@mozilla.org': Reading manifest: Invalid host permission: about:reader*

(firefox:20655): Gtk-WARNING **: Theme parsing error: <data>:1:34: Expected ')' in color definition

(firefox:20655): Gtk-WARNING **: Theme parsing error: <data>:1:77: Expected ')' in color definition
1548960790667	Marionette	INFO	Listening on port 42361
1548960790695	Marionette	WARN	TLS certificate errors will be ignored for this session
JavaScript warning: https://www.lexml.gov.br/busca/js/jquery-1.3.2.min.js, line 19: unreachable code after return statement
JavaScript error: https://www.lexml.gov.br/busca/search?keyword=evasao%20fiscal;f1-tipoDocumento=Jurisprud%C3%AAncia, line 584: ReferenceError: urchinTracker is not defined
1548960794771	Marionette	INFO	Stopped listening on port 42361
[Parent 20655, Gecko_IOThread] WARNING: pipe error (106): Connection reset by peer: file /build/firefox-h0evE3/firefox-64.0+build3/ipc/chromium/src/chrome/common/ipc_channel_posix.cc, line 363
[Parent 20655, Gecko_IOThread] WARNING: pipe error (79): Connection reset by peer: file /build/firefox-h0evE3/firefox-64.0+build3/ipc/chromium/src/chrome/common/ipc_channel_posix.cc, line 363
1548960830063	mozrunner::runner	INFO	Running command: "/usr/bin/firefox" "-marionette" "-foreground" "-no-remote" "-profile" "/tmp/rust_mozprofile.o1jHIiEFSfdM"
1548960830392	addons.webextension.screenshots@mozilla.org	WARN	Loading extension 'screenshots@mozilla.org': Reading manifest: Invalid host permission: resource://pdf.js/
1548960830393	addons.webextension.screenshots@mozilla.org	WARN	Loading extension 'screenshots@mozilla.org': Reading manifest: Invalid host permission: about:reader*

(firefox:20928): Gtk-WARNING **: Theme parsing error: <data>:1:34: Expected ')' in color definition

(firefox:20928): Gtk-WARNING **: Theme parsing error: <data>:1:77: Expected ')' in color definition
1548960833104	Marionette	INFO	Listening on port 44609
1548960833213	Marionette	WARN	TLS certificate errors will be ignored for this session
JavaScript warning: https://www.lexml.gov.br/busca/js/jquery-1.3.2.min.js, line 19: unreachable code after return statement
JavaScript error: https://www.lexml.gov.br/busca/search?keyword=evasao%20fiscal;f1-tipoDocumento=Jurisprud%C3%AAncia, line 584: ReferenceError: urchinTracker is not defined
1548960837337	Marionette	INFO	Stopped listening on port 44609
[Parent 20928, Gecko_IOThread] WARNING: pipe error (79): Connection reset by peer: file /build/firefox-h0evE3/firefox-64.0+build3/ipc/chromium/src/chrome/common/ipc_channel_posix.cc, line 363
1548960879136	mozrunner::runner	INFO	Running command: "/usr/bin/firefox" "-marionette" "-foreground" "-no-remote" "-profile" "/tmp/rust_mozprofile.YSgCJ1KwJ3zc"
1548960879472	addons.webextension.screenshots@mozilla.org	WARN	Loading extension 'screenshots@mozilla.org': Reading manifest: Invalid host permission: resource://pdf.js/
1548960879472	addons.webextension.screenshots@mozilla.org	WARN	Loading extension 'screenshots@mozilla.org': Reading manifest: Invalid host permission: about:reader*

(firefox:21227): Gtk-WARNING **: Theme parsing error: <data>:1:34: Expected ')' in color definition

(firefox:21227): Gtk-WARNING **: Theme parsing error: <data>:1:77: Expected ')' in color definition
1548960882059	Marionette	INFO	Listening on port 33401
1548960882188	Marionette	WARN	TLS certificate errors will be ignored for this session
JavaScript warning: https://www.lexml.gov.br/busca/js/jquery-1.3.2.min.js, line 19: unreachable code after return statement
JavaScript error: https://www.lexml.gov.br/busca/search?keyword=evasao%20fiscal;f1-tipoDocumento=Jurisprud%C3%AAncia, line 584: ReferenceError: urchinTracker is not defined
1548960885931	Marionette	INFO	Stopped listening on port 33401
[Parent 21227, Gecko_IOThread] WARNING: pipe error (79): Connection reset by peer: file /build/firefox-h0evE3/firefox-64.0+build3/ipc/chromium/src/chrome/common/ipc_channel_posix.cc, line 363
1548960931068	mozrunner::runner	INFO	Running command: "/usr/bin/firefox" "-marionette" "-foreground" "-no-remote" "-profile" "/tmp/rust_mozprofile.zNTaBFUDwZ9v"
1548960931409	addons.webextension.screenshots@mozilla.org	WARN	Loading extension 'screenshots@mozilla.org': Reading manifest: Invalid host permission: resource://pdf.js/
1548960931409	addons.webextension.screenshots@mozilla.org	WARN	Loading extension 'screenshots@mozilla.org': Reading manifest: Invalid host permission: about:reader*

(firefox:21527): Gtk-WARNING **: Theme parsing error: <data>:1:34: Expected ')' in color definition

(firefox:21527): Gtk-WARNING **: Theme parsing error: <data>:1:77: Expected ')' in color definition
1548960934287	Marionette	INFO	Listening on port 34685
1548960934392	Marionette	WARN	TLS certificate errors will be ignored for this session
JavaScript warning: https://www.lexml.gov.br/busca/js/jquery-1.3.2.min.js, line 19: unreachable code after return statement
JavaScript error: https://www.lexml.gov.br/busca/search?keyword=evasao%20fiscal;f1-tipoDocumento=Jurisprud%C3%AAncia, line 584: ReferenceError: urchinTracker is not defined
1548960981304	mozrunner::runner	INFO	Running command: "/usr/bin/firefox" "-marionette" "-foreground" "-no-remote" "-profile" "/tmp/rust_mozprofile.cmSeSzE9cHEW"
1548960981664	addons.webextension.screenshots@mozilla.org	WARN	Loading extension 'screenshots@mozilla.org': Reading manifest: Invalid host permission: resource://pdf.js/
1548960981664	addons.webextension.screenshots@mozilla.org	WARN	Loading extension 'screenshots@mozilla.org': Reading manifest: Invalid host permission: about:reader*

(firefox:21814): Gtk-WARNING **: Theme parsing error: <data>:1:34: Expected ')' in color definition

(firefox:21814): Gtk-WARNING **: Theme parsing error: <data>:1:77: Expected ')' in color definition
1548960984324	Marionette	INFO	Listening on port 45279
1548960984431	Marionette	WARN	TLS certificate errors will be ignored for this session
JavaScript warning: https://www.lexml.gov.br/busca/js/jquery-1.3.2.min.js, line 19: unreachable code after return statement
JavaScript error: https://www.lexml.gov.br/busca/search?keyword=evasao%20fiscal;f1-tipoDocumento=Jurisprud%C3%AAncia, line 584: ReferenceError: urchinTracker is not defined
1548960985756	Marionette	INFO	Stopped listening on port 45279
JavaScript error: resource://activity-stream/lib/ActivityStreamPrefs.jsm, line 29: NS_ERROR_ILLEGAL_VALUE: Component returned failure code: 0x80070057 (NS_ERROR_ILLEGAL_VALUE) [nsIPrefBranch.removeObserver]

###!!! [Parent][DispatchAsyncMessage] Error: PBackgroundIDBFactory::Msg_PBackgroundIDBFactoryRequestConstructor Value error: message was deserialized, but contained an illegal value


###!!! [Parent][DispatchAsyncMessage] Error: PBackgroundIDBFactory::Msg_PBackgroundIDBFactoryRequestConstructor Value error: message was deserialized, but contained an illegal value

1548961000119	mozrunner::runner	INFO	Running command: "/usr/bin/firefox" "-marionette" "-foreground" "-no-remote" "-profile" "/tmp/rust_mozprofile.hnLAB0cZ3XLf"
1548961000474	addons.webextension.screenshots@mozilla.org	WARN	Loading extension 'screenshots@mozilla.org': Reading manifest: Invalid host permission: resource://pdf.js/
1548961000474	addons.webextension.screenshots@mozilla.org	WARN	Loading extension 'screenshots@mozilla.org': Reading manifest: Invalid host permission: about:reader*

(firefox:22086): Gtk-WARNING **: Theme parsing error: <data>:1:34: Expected ')' in color definition

(firefox:22086): Gtk-WARNING **: Theme parsing error: <data>:1:77: Expected ')' in color definition
1548961002960	Marionette	INFO	Listening on port 34691
1548961003062	Marionette	WARN	TLS certificate errors will be ignored for this session
JavaScript warning: https://www.lexml.gov.br/busca/js/jquery-1.3.2.min.js, line 19: unreachable code after return statement
JavaScript error: https://www.lexml.gov.br/busca/search?keyword=evasao%20fiscal;f1-tipoDocumento=Jurisprud%C3%AAncia, line 584: ReferenceError: urchinTracker is not defined
1548961005047	Marionette	INFO	Stopped listening on port 34691
JavaScript error: resource://activity-stream/lib/ActivityStreamPrefs.jsm, line 29: NS_ERROR_ILLEGAL_VALUE: Component returned failure code: 0x80070057 (NS_ERROR_ILLEGAL_VALUE) [nsIPrefBranch.removeObserver]
[Parent 22086, Gecko_IOThread] WARNING: pipe error (79): Connection reset by peer: file /build/firefox-h0evE3/firefox-64.0+build3/ipc/chromium/src/chrome/common/ipc_channel_posix.cc, line 363

###!!! [Parent][DispatchAsyncMessage] Error: PBackgroundIDBFactory::Msg_PBackgroundIDBFactoryRequestConstructor Value error: message was deserialized, but contained an illegal value


###!!! [Parent][DispatchAsyncMessage] Error: PBackgroundIDBFactory::Msg_PBackgroundIDBFactoryRequestConstructor Value error: message was deserialized, but contained an illegal value

console.error: BroadcastService: 
  receivedBroadcastMessage: handler for
  remote-settings/monitor_changes
  threw error:
  Message: Error: Polling for changes failed: NetworkError when attempting to fetch resource..
  Stack:
    remoteSettingsFunction/remoteSettings.pollChanges@resource://services-settings/remote-settings.js:750:13

1548961530785	mozrunner::runner	INFO	Running command: "/usr/bin/firefox" "-marionette" "-foreground" "-no-remote" "-profile" "/tmp/rust_mozprofile.na30LYj9dVKp"
1548961531130	addons.webextension.screenshots@mozilla.org	WARN	Loading extension 'screenshots@mozilla.org': Reading manifest: Invalid host permission: resource://pdf.js/
1548961531131	addons.webextension.screenshots@mozilla.org	WARN	Loading extension 'screenshots@mozilla.org': Reading manifest: Invalid host permission: about:reader*

(firefox:22625): Gtk-WARNING **: Theme parsing error: <data>:1:34: Expected ')' in color definition

(firefox:22625): Gtk-WARNING **: Theme parsing error: <data>:1:77: Expected ')' in color definition
1548961533903	Marionette	INFO	Listening on port 43405
1548961534013	Marionette	WARN	TLS certificate errors will be ignored for this session
JavaScript warning: https://www.lexml.gov.br/busca/js/jquery-1.3.2.min.js, line 19: unreachable code after return statement
JavaScript error: https://www.lexml.gov.br/busca/search?keyword=evasao%20fiscal;f1-tipoDocumento=Jurisprud%C3%AAncia, line 584: ReferenceError: urchinTracker is not defined
1548961537430	Marionette	INFO	Stopped listening on port 43405
JavaScript error: jar:file:///usr/lib/firefox/omni.ja!/components/nsUrlClassifierListManager.js, line 597: TypeError: this.tablesData[table] is undefined
[Parent 22625, Gecko_IOThread] WARNING: pipe error (79): Connection reset by peer: file /build/firefox-h0evE3/firefox-64.0+build3/ipc/chromium/src/chrome/common/ipc_channel_posix.cc, line 363
1548961640332	mozrunner::runner	INFO	Running command: "/usr/bin/firefox" "-marionette" "-foreground" "-no-remote" "-profile" "/tmp/rust_mozprofile.Us69RdbR4QAV"
1548961640707	addons.webextension.screenshots@mozilla.org	WARN	Loading extension 'screenshots@mozilla.org': Reading manifest: Invalid host permission: resource://pdf.js/
1548961640707	addons.webextension.screenshots@mozilla.org	WARN	Loading extension 'screenshots@mozilla.org': Reading manifest: Invalid host permission: about:reader*

(firefox:22919): Gtk-WARNING **: Theme parsing error: <data>:1:34: Expected ')' in color definition

(firefox:22919): Gtk-WARNING **: Theme parsing error: <data>:1:77: Expected ')' in color definition
1548961642979	Marionette	INFO	Listening on port 43727
1548961643090	Marionette	WARN	TLS certificate errors will be ignored for this session
JavaScript warning: https://www.lexml.gov.br/busca/js/jquery-1.3.2.min.js, line 19: unreachable code after return statement
JavaScript error: https://www.lexml.gov.br/busca/search?keyword=evasao%20fiscal;f1-tipoDocumento=Jurisprud%C3%AAncia, line 584: ReferenceError: urchinTracker is not defined
1548961648583	Marionette	INFO	Stopped listening on port 43727
[Parent 22919, Gecko_IOThread] WARNING: pipe error (79): Connection reset by peer: file /build/firefox-h0evE3/firefox-64.0+build3/ipc/chromium/src/chrome/common/ipc_channel_posix.cc, line 363
1548961665836	mozrunner::runner	INFO	Running command: "/usr/bin/firefox" "-marionette" "-foreground" "-no-remote" "-profile" "/tmp/rust_mozprofile.HVK58hdCKqxH"
1548961666227	addons.webextension.screenshots@mozilla.org	WARN	Loading extension 'screenshots@mozilla.org': Reading manifest: Invalid host permission: resource://pdf.js/
1548961666227	addons.webextension.screenshots@mozilla.org	WARN	Loading extension 'screenshots@mozilla.org': Reading manifest: Invalid host permission: about:reader*

(firefox:23199): Gtk-WARNING **: Theme parsing error: <data>:1:34: Expected ')' in color definition

(firefox:23199): Gtk-WARNING **: Theme parsing error: <data>:1:77: Expected ')' in color definition
1548961668664	Marionette	INFO	Listening on port 38237
1548961668777	Marionette	WARN	TLS certificate errors will be ignored for this session
JavaScript warning: https://www.lexml.gov.br/busca/js/jquery-1.3.2.min.js, line 19: unreachable code after return statement
JavaScript error: https://www.lexml.gov.br/busca/search?keyword=evasao%20fiscal;f1-tipoDocumento=Jurisprud%C3%AAncia, line 584: ReferenceError: urchinTracker is not defined
1548961672595	Marionette	INFO	Stopped listening on port 38237
[Parent 23199, Gecko_IOThread] WARNING: pipe error (79): Connection reset by peer: file /build/firefox-h0evE3/firefox-64.0+build3/ipc/chromium/src/chrome/common/ipc_channel_posix.cc, line 363
1548963097075	mozrunner::runner	INFO	Running command: "/usr/bin/firefox" "-marionette" "-foreground" "-no-remote" "-profile" "/tmp/rust_mozprofile.ZiOJW87yzYVh"
1548963097420	addons.webextension.screenshots@mozilla.org	WARN	Loading extension 'screenshots@mozilla.org': Reading manifest: Invalid host permission: resource://pdf.js/
1548963097420	addons.webextension.screenshots@mozilla.org	WARN	Loading extension 'screenshots@mozilla.org': Reading manifest: Invalid host permission: about:reader*

(firefox:24174): Gtk-WARNING **: Theme parsing error: <data>:1:34: Expected ')' in color definition

(firefox:24174): Gtk-WARNING **: Theme parsing error: <data>:1:77: Expected ')' in color definition
1548963100002	Marionette	INFO	Listening on port 40619
1548963100101	Marionette	WARN	TLS certificate errors will be ignored for this session
1548963115722	mozrunner::runner	INFO	Running command: "/usr/bin/firefox" "-marionette" "-foreground" "-no-remote" "-profile" "/tmp/rust_mozprofile.QAsB0EN9DXes"
1548963116081	addons.webextension.screenshots@mozilla.org	WARN	Loading extension 'screenshots@mozilla.org': Reading manifest: Invalid host permission: resource://pdf.js/
1548963116081	addons.webextension.screenshots@mozilla.org	WARN	Loading extension 'screenshots@mozilla.org': Reading manifest: Invalid host permission: about:reader*

(firefox:24441): Gtk-WARNING **: Theme parsing error: <data>:1:34: Expected ')' in color definition

(firefox:24441): Gtk-WARNING **: Theme parsing error: <data>:1:77: Expected ')' in color definition
1548963118773	Marionette	INFO	Listening on port 33281
1548963118844	Marionette	WARN	TLS certificate errors will be ignored for this session
JavaScript warning: https://www.lexml.gov.br/busca/js/jquery-1.3.2.min.js, line 19: unreachable code after return statement
JavaScript error: https://www.lexml.gov.br/busca/search?keyword=evasao%20fiscal;f1-tipoDocumento=Jurisprud%C3%AAncia, line 584: ReferenceError: urchinTracker is not defined
1548963122977	Marionette	INFO	Stopped listening on port 33281
[Parent 24441, Gecko_IOThread] WARNING: pipe error (79): Connection reset by peer: file /build/firefox-h0evE3/firefox-64.0+build3/ipc/chromium/src/chrome/common/ipc_channel_posix.cc, line 363
[Parent 24174, Gecko_IOThread] WARNING: pipe error (87): Connection reset by peer: file /build/firefox-h0evE3/firefox-64.0+build3/ipc/chromium/src/chrome/common/ipc_channel_posix.cc, line 363
[Parent 24174, Gecko_IOThread] WARNING: pipe error (79): Connection reset by peer: file /build/firefox-h0evE3/firefox-64.0+build3/ipc/chromium/src/chrome/common/ipc_channel_posix.cc, line 363
1548963146009	Marionette	INFO	Stopped listening on port 40619
1548963146956	Marionette	INFO	Stopped listening on port 34685
